2008.02.18 10:26 B C:\Michelle\kitlv website\VOC\adressen.html <-- kitlv /usr/local/WWW/www.voc-kenniscentrum.nl adressen.html
2008.02.18 10:26 B C:\Michelle\kitlv website\VOC\adressentest.html <-- kitlv /usr/local/WWW/www.voc-kenniscentrum.nl adressentest.html
2008.02.18 10:26 B C:\Michelle\kitlv website\VOC\database.txt <-- kitlv /usr/local/WWW/www.voc-kenniscentrum.nl database.txt
2008.02.18 10:26 B C:\Michelle\kitlv website\VOC\geen-email.html <-- kitlv /usr/local/WWW/www.voc-kenniscentrum.nl geen-email.html
2008.02.18 10:26 B C:\Michelle\kitlv website\VOC\gewest-ambon.html <-- kitlv /usr/local/WWW/www.voc-kenniscentrum.nl gewest-ambon.html
2008.02.18 10:26 B C:\Michelle\kitlv website\VOC\gewest-banda.html <-- kitlv /usr/local/WWW/www.voc-kenniscentrum.nl gewest-banda.html
2008.02.18 10:26 B C:\Michelle\kitlv website\VOC\gewest-bantam.html <-- kitlv /usr/local/WWW/www.voc-kenniscentrum.nl gewest-bantam.html
2008.02.18 10:26 B C:\Michelle\kitlv website\VOC\gewest-batavia.html <-- kitlv /usr/local/WWW/www.voc-kenniscentrum.nl gewest-batavia.html
2008.02.18 10:26 B C:\Michelle\kitlv website\VOC\gewest-bengalen.html <-- kitlv /usr/local/WWW/www.voc-kenniscentrum.nl gewest-bengalen.html
2008.02.18 10:26 B C:\Michelle\kitlv website\VOC\gewest-ceylon.html <-- kitlv /usr/local/WWW/www.voc-kenniscentrum.nl gewest-ceylon.html
2008.02.18 10:26 B C:\Michelle\kitlv website\VOC\gewest-china.html <-- kitlv /usr/local/WWW/www.voc-kenniscentrum.nl gewest-china.html
2008.02.18 10:26 B C:\Michelle\kitlv website\VOC\gewest-coromandel.html <-- kitlv /usr/local/WWW/www.voc-kenniscentrum.nl gewest-coromandel.html
2008.02.18 10:26 B C:\Michelle\kitlv website\VOC\gewest-formosa.html <-- kitlv /usr/local/WWW/www.voc-kenniscentrum.nl gewest-formosa.html
2008.02.18 10:26 B C:\Michelle\kitlv website\VOC\gewest-japan.html <-- kitlv /usr/local/WWW/www.voc-kenniscentrum.nl gewest-japan.html
2008.02.18 10:26 B C:\Michelle\kitlv website\VOC\gewest-java.html <-- kitlv /usr/local/WWW/www.voc-kenniscentrum.nl gewest-java.html
2008.02.18 10:26 B C:\Michelle\kitlv website\VOC\gewest-kaap.html <-- kitlv /usr/local/WWW/www.voc-kenniscentrum.nl gewest-kaap.html
2008.02.18 10:26 B C:\Michelle\kitlv website\VOC\gewest-makassar.html <-- kitlv /usr/local/WWW/www.voc-kenniscentrum.nl gewest-makassar.html
2008.02.18 10:26 B C:\Michelle\kitlv website\VOC\gewest-malabar.html <-- kitlv /usr/local/WWW/www.voc-kenniscentrum.nl gewest-malabar.html
2008.02.18 10:26 B C:\Michelle\kitlv website\VOC\gewest-malakka.html <-- kitlv /usr/local/WWW/www.voc-kenniscentrum.nl gewest-malakka.html
2008.02.18 10:26 B C:\Michelle\kitlv website\VOC\gewest-molukken.html <-- kitlv /usr/local/WWW/www.voc-kenniscentrum.nl gewest-molukken.html
2008.02.18 10:26 B C:\Michelle\kitlv website\VOC\gewest-perzie.html <-- kitlv /usr/local/WWW/www.voc-kenniscentrum.nl gewest-perzie.html
2008.02.18 10:26 B C:\Michelle\kitlv website\VOC\gewesten.html <-- kitlv /usr/local/WWW/www.voc-kenniscentrum.nl gewesten.html
2008.02.18 10:26 B C:\Michelle\kitlv website\VOC\hoep.html <-- kitlv /usr/local/WWW/www.voc-kenniscentrum.nl hoep.html
2008.02.18 10:26 B C:\Michelle\kitlv website\VOC\index.bak <-- kitlv /usr/local/WWW/www.voc-kenniscentrum.nl index.bak
2008.02.18 10:26 B C:\Michelle\kitlv website\VOC\index.html <-- kitlv /usr/local/WWW/www.voc-kenniscentrum.nl index.html
2008.02.18 10:26 B C:\Michelle\kitlv website\VOC\index.php <-- kitlv /usr/local/WWW/www.voc-kenniscentrum.nl index.php
2008.02.18 10:26 B C:\Michelle\kitlv website\VOC\index2.html <-- kitlv /usr/local/WWW/www.voc-kenniscentrum.nl index2.html
2008.02.18 10:26 B C:\Michelle\kitlv website\VOC\indexeer.html <-- kitlv /usr/local/WWW/www.voc-kenniscentrum.nl indexeer.html
2008.02.18 10:26 B C:\Michelle\kitlv website\VOC\indexoud.html <-- kitlv /usr/local/WWW/www.voc-kenniscentrum.nl indexoud.html
2008.02.18 10:26 B C:\Michelle\kitlv website\VOC\javascript <-- kitlv /usr/local/WWW/www.voc-kenniscentrum.nl javascript
2008.02.18 10:26 B C:\Michelle\kitlv website\VOC\kaart-archipeloost.html <-- kitlv /usr/local/WWW/www.voc-kenniscentrum.nl kaart-archipeloost.html
2008.02.18 10:26 B C:\Michelle\kitlv website\VOC\kaart-archipelwest.html <-- kitlv /usr/local/WWW/www.voc-kenniscentrum.nl kaart-archipelwest.html
2008.02.18 10:26 B C:\Michelle\kitlv website\VOC\kaart-java.html <-- kitlv /usr/local/WWW/www.voc-kenniscentrum.nl kaart-java.html
2008.02.18 10:26 B C:\Michelle\kitlv website\VOC\kaart-kaap.html <-- kitlv /usr/local/WWW/www.voc-kenniscentrum.nl kaart-kaap.html
2008.02.18 10:26 B C:\Michelle\kitlv website\VOC\kaart-middenoosten.html <-- kitlv /usr/local/WWW/www.voc-kenniscentrum.nl kaart-middenoosten.html
2008.02.18 10:26 B C:\Michelle\kitlv website\VOC\kaart-oostazie.html <-- kitlv /usr/local/WWW/www.voc-kenniscentrum.nl kaart-oostazie.html
2008.02.18 10:26 B C:\Michelle\kitlv website\VOC\kaart-voorindie.html <-- kitlv /usr/local/WWW/www.voc-kenniscentrum.nl kaart-voorindie.html
2008.02.18 10:26 B C:\Michelle\kitlv website\VOC\kaarten.html <-- kitlv /usr/local/WWW/www.voc-kenniscentrum.nl kaarten.html
2008.02.18 10:26 B C:\Michelle\kitlv website\VOC\kamer-amsterdam.html <-- kitlv /usr/local/WWW/www.voc-kenniscentrum.nl kamer-amsterdam.html
2008.02.18 10:26 B C:\Michelle\kitlv website\VOC\kamer-delft.html <-- kitlv /usr/local/WWW/www.voc-kenniscentrum.nl kamer-delft.html
2008.02.18 10:26 B C:\Michelle\kitlv website\VOC\kamer-enkhuizen.html <-- kitlv /usr/local/WWW/www.voc-kenniscentrum.nl kamer-enkhuizen.html
2008.02.18 10:26 B C:\Michelle\kitlv website\VOC\kamer-hoorn.html <-- kitlv /usr/local/WWW/www.voc-kenniscentrum.nl kamer-hoorn.html
2008.02.18 10:26 B C:\Michelle\kitlv website\VOC\kamer-rotterdam.html <-- kitlv /usr/local/WWW/www.voc-kenniscentrum.nl kamer-rotterdam.html
2008.02.18 10:26 B C:\Michelle\kitlv website\VOC\kamer-zeeland.html <-- kitlv /usr/local/WWW/www.voc-kenniscentrum.nl kamer-zeeland.html
2008.02.18 10:26 B C:\Michelle\kitlv website\VOC\kamers.html <-- kitlv /usr/local/WWW/www.voc-kenniscentrum.nl kamers.html
2008.02.18 10:26 B C:\Michelle\kitlv website\VOC\knop1a.gif <-- kitlv /usr/local/WWW/www.voc-kenniscentrum.nl knop1a.gif
2008.02.18 10:26 B C:\Michelle\kitlv website\VOC\knop1b.gif <-- kitlv /usr/local/WWW/www.voc-kenniscentrum.nl knop1b.gif
2008.02.18 10:26 B C:\Michelle\kitlv website\VOC\knop2a.gif <-- kitlv /usr/local/WWW/www.voc-kenniscentrum.nl knop2a.gif
2008.02.18 10:26 B C:\Michelle\kitlv website\VOC\knop2b.gif <-- kitlv /usr/local/WWW/www.voc-kenniscentrum.nl knop2b.gif
2008.02.18 10:26 B C:\Michelle\kitlv website\VOC\knop3a.gif <-- kitlv /usr/local/WWW/www.voc-kenniscentrum.nl knop3a.gif
2008.02.18 10:26 B C:\Michelle\kitlv website\VOC\knop3b.gif <-- kitlv /usr/local/WWW/www.voc-kenniscentrum.nl knop3b.gif
2008.02.18 10:26 B C:\Michelle\kitlv website\VOC\knop4a.gif <-- kitlv /usr/local/WWW/www.voc-kenniscentrum.nl knop4a.gif
2008.02.18 10:26 B C:\Michelle\kitlv website\VOC\knop4b.gif <-- kitlv /usr/local/WWW/www.voc-kenniscentrum.nl knop4b.gif
2008.02.18 10:26 B C:\Michelle\kitlv website\VOC\literatuur1.bak <-- kitlv /usr/local/WWW/www.voc-kenniscentrum.nl literatuur1.bak
2008.02.18 10:26 B C:\Michelle\kitlv website\VOC\literatuur1.html <-- kitlv /usr/local/WWW/www.voc-kenniscentrum.nl literatuur1.html
2008.02.18 10:26 B C:\Michelle\kitlv website\VOC\pleiade.html <-- kitlv /usr/local/WWW/www.voc-kenniscentrum.nl pleiade.html
2008.02.18 10:26 B C:\Michelle\kitlv website\VOC\pleiade1.html <-- kitlv /usr/local/WWW/www.voc-kenniscentrum.nl pleiade1.html
2008.02.18 10:26 B C:\Michelle\kitlv website\VOC\prod-goud.html <-- kitlv /usr/local/WWW/www.voc-kenniscentrum.nl prod-goud.html
2008.02.18 10:26 B C:\Michelle\kitlv website\VOC\prod-kaneel.html <-- kitlv /usr/local/WWW/www.voc-kenniscentrum.nl prod-kaneel.html
2008.02.18 10:26 B C:\Michelle\kitlv website\VOC\prod-kledendecor.html <-- kitlv /usr/local/WWW/www.voc-kenniscentrum.nl prod-kledendecor.html
2008.02.18 10:26 B C:\Michelle\kitlv website\VOC\prod-kledeneffen.html <-- kitlv /usr/local/WWW/www.voc-kenniscentrum.nl prod-kledeneffen.html
2008.02.18 10:26 B C:\Michelle\kitlv website\VOC\prod-koffie.html <-- kitlv /usr/local/WWW/www.voc-kenniscentrum.nl prod-koffie.html
2008.02.18 10:26 B C:\Michelle\kitlv website\VOC\prod-koper.html <-- kitlv /usr/local/WWW/www.voc-kenniscentrum.nl prod-koper.html
2008.02.18 10:26 B C:\Michelle\kitlv website\VOC\prod-kruidnagelen.html <-- kitlv /usr/local/WWW/www.voc-kenniscentrum.nl prod-kruidnagelen.html
2008.02.18 10:26 B C:\Michelle\kitlv website\VOC\prod-nootmuskaat.html <-- kitlv /usr/local/WWW/www.voc-kenniscentrum.nl prod-nootmuskaat.html
2008.02.18 10:26 B C:\Michelle\kitlv website\VOC\prod-olifanten.html <-- kitlv /usr/local/WWW/www.voc-kenniscentrum.nl prod-olifanten.html
2008.02.18 10:26 B C:\Michelle\kitlv website\VOC\prod-opium.html <-- kitlv /usr/local/WWW/www.voc-kenniscentrum.nl prod-opium.html
2008.02.18 10:26 B C:\Michelle\kitlv website\VOC\prod-peper.html <-- kitlv /usr/local/WWW/www.voc-kenniscentrum.nl prod-peper.html
2008.02.18 10:26 B C:\Michelle\kitlv website\VOC\prod-porselein.html <-- kitlv /usr/local/WWW/www.voc-kenniscentrum.nl prod-porselein.html
2008.02.18 10:26 B C:\Michelle\kitlv website\VOC\prod-rijst.html <-- kitlv /usr/local/WWW/www.voc-kenniscentrum.nl prod-rijst.html
2008.02.18 10:26 B C:\Michelle\kitlv website\VOC\prod-suiker.html <-- kitlv /usr/local/WWW/www.voc-kenniscentrum.nl prod-suiker.html
2008.02.18 10:26 B C:\Michelle\kitlv website\VOC\prod-thee.html <-- kitlv /usr/local/WWW/www.voc-kenniscentrum.nl prod-thee.html
2008.02.18 10:26 B C:\Michelle\kitlv website\VOC\prod-tin.html <-- kitlv /usr/local/WWW/www.voc-kenniscentrum.nl prod-tin.html
2008.02.18 10:26 B C:\Michelle\kitlv website\VOC\prod-zijde.html <-- kitlv /usr/local/WWW/www.voc-kenniscentrum.nl prod-zijde.html
2008.02.18 10:26 B C:\Michelle\kitlv website\VOC\producten.html <-- kitlv /usr/local/WWW/www.voc-kenniscentrum.nl producten.html
2008.02.18 10:26 B C:\Michelle\kitlv website\VOC\themas.html <-- kitlv /usr/local/WWW/www.voc-kenniscentrum.nl themas.html
2008.02.18 10:26 B C:\Michelle\kitlv website\VOC\voc-print.css <-- kitlv /usr/local/WWW/www.voc-kenniscentrum.nl voc-print.css
2008.02.18 10:26 B C:\Michelle\kitlv website\VOC\voc.css <-- kitlv /usr/local/WWW/www.voc-kenniscentrum.nl voc.css
2008.02.18 10:26 B C:\Michelle\kitlv website\VOC\vocbegin.html <-- kitlv /usr/local/WWW/www.voc-kenniscentrum.nl vocbegin.html
2008.02.18 10:26 B C:\Michelle\kitlv website\VOC\vocoverzee.html <-- kitlv /usr/local/WWW/www.voc-kenniscentrum.nl vocoverzee.html
2008.02.18 10:26 B C:\Michelle\kitlv website\VOC\vocschepen.bak <-- kitlv /usr/local/WWW/www.voc-kenniscentrum.nl vocschepen.bak
2008.02.18 10:26 B C:\Michelle\kitlv website\VOC\vocschepen.html <-- kitlv /usr/local/WWW/www.voc-kenniscentrum.nl vocschepen.html
