2008.02.18 10:26 B C:\Michelle\kitlv website\VOC\images\batavia.jpg <-- kitlv /usr/local/WWW/www.voc-kenniscentrum.nl/images batavia.jpg
2008.02.18 10:26 B C:\Michelle\kitlv website\VOC\images\batavia_groot.jpg <-- kitlv /usr/local/WWW/www.voc-kenniscentrum.nl/images batavia_groot.jpg
2008.02.18 10:26 B C:\Michelle\kitlv website\VOC\images\batavia_home.jpg <-- kitlv /usr/local/WWW/www.voc-kenniscentrum.nl/images batavia_home.jpg
2008.02.18 10:26 B C:\Michelle\kitlv website\VOC\images\bg-bottom.gif <-- kitlv /usr/local/WWW/www.voc-kenniscentrum.nl/images bg-bottom.gif
2008.02.18 10:26 B C:\Michelle\kitlv website\VOC\images\bg-corner-lb.gif <-- kitlv /usr/local/WWW/www.voc-kenniscentrum.nl/images bg-corner-lb.gif
2008.02.18 10:26 B C:\Michelle\kitlv website\VOC\images\bg-corner-left.gif <-- kitlv /usr/local/WWW/www.voc-kenniscentrum.nl/images bg-corner-left.gif
2008.02.18 10:26 B C:\Michelle\kitlv website\VOC\images\bg-corner-lt.gif <-- kitlv /usr/local/WWW/www.voc-kenniscentrum.nl/images bg-corner-lt.gif
2008.02.18 10:26 B C:\Michelle\kitlv website\VOC\images\bg-corner-rb.gif <-- kitlv /usr/local/WWW/www.voc-kenniscentrum.nl/images bg-corner-rb.gif
2008.02.18 10:26 B C:\Michelle\kitlv website\VOC\images\bg-corner-rt.gif <-- kitlv /usr/local/WWW/www.voc-kenniscentrum.nl/images bg-corner-rt.gif
2008.02.18 10:26 B C:\Michelle\kitlv website\VOC\images\bg-left.gif <-- kitlv /usr/local/WWW/www.voc-kenniscentrum.nl/images bg-left.gif
2008.02.18 10:26 B C:\Michelle\kitlv website\VOC\images\bg-mid.gif <-- kitlv /usr/local/WWW/www.voc-kenniscentrum.nl/images bg-mid.gif
2008.02.18 10:26 B C:\Michelle\kitlv website\VOC\images\bg-right.gif <-- kitlv /usr/local/WWW/www.voc-kenniscentrum.nl/images bg-right.gif
2008.02.18 10:26 B C:\Michelle\kitlv website\VOC\images\bg-top.gif <-- kitlv /usr/local/WWW/www.voc-kenniscentrum.nl/images bg-top.gif
2008.02.18 10:26 B C:\Michelle\kitlv website\VOC\images\bg.gif <-- kitlv /usr/local/WWW/www.voc-kenniscentrum.nl/images bg.gif
2008.02.18 10:26 B C:\Michelle\kitlv website\VOC\images\bullet.gif <-- kitlv /usr/local/WWW/www.voc-kenniscentrum.nl/images bullet.gif
2008.02.18 10:26 B C:\Michelle\kitlv website\VOC\images\bullet_01.gif <-- kitlv /usr/local/WWW/www.voc-kenniscentrum.nl/images bullet_01.gif
2008.02.18 10:26 B C:\Michelle\kitlv website\VOC\images\foot-kompas.gif <-- kitlv /usr/local/WWW/www.voc-kenniscentrum.nl/images foot-kompas.gif
2008.02.18 10:26 B C:\Michelle\kitlv website\VOC\images\h-adressen.gif <-- kitlv /usr/local/WWW/www.voc-kenniscentrum.nl/images h-adressen.gif
2008.02.18 10:26 B C:\Michelle\kitlv website\VOC\images\h-bibliografie.gif <-- kitlv /usr/local/WWW/www.voc-kenniscentrum.nl/images h-bibliografie.gif
2008.02.18 10:26 B C:\Michelle\kitlv website\VOC\images\h-bronnen.gif <-- kitlv /usr/local/WWW/www.voc-kenniscentrum.nl/images h-bronnen.gif
2008.02.18 10:26 B C:\Michelle\kitlv website\VOC\images\h-gewesten.gif <-- kitlv /usr/local/WWW/www.voc-kenniscentrum.nl/images h-gewesten.gif
2008.02.18 10:26 B C:\Michelle\kitlv website\VOC\images\h-kaarten.gif <-- kitlv /usr/local/WWW/www.voc-kenniscentrum.nl/images h-kaarten.gif
2008.02.18 10:26 B C:\Michelle\kitlv website\VOC\images\h-kamers.gif <-- kitlv /usr/local/WWW/www.voc-kenniscentrum.nl/images h-kamers.gif
2008.02.18 10:26 B C:\Michelle\kitlv website\VOC\images\h-literatuur.gif <-- kitlv /usr/local/WWW/www.voc-kenniscentrum.nl/images h-literatuur.gif
2008.02.18 10:26 B C:\Michelle\kitlv website\VOC\images\h-oprichting.gif <-- kitlv /usr/local/WWW/www.voc-kenniscentrum.nl/images h-oprichting.gif
2008.02.18 10:26 B C:\Michelle\kitlv website\VOC\images\h-overzee.gif <-- kitlv /usr/local/WWW/www.voc-kenniscentrum.nl/images h-overzee.gif
2008.02.18 10:26 B C:\Michelle\kitlv website\VOC\images\h-overzicht.gif <-- kitlv /usr/local/WWW/www.voc-kenniscentrum.nl/images h-overzicht.gif
2008.02.18 10:26 B C:\Michelle\kitlv website\VOC\images\h-producten.gif <-- kitlv /usr/local/WWW/www.voc-kenniscentrum.nl/images h-producten.gif
2008.02.18 10:26 B C:\Michelle\kitlv website\VOC\images\h-schepen.gif <-- kitlv /usr/local/WWW/www.voc-kenniscentrum.nl/images h-schepen.gif
2008.02.18 10:26 B C:\Michelle\kitlv website\VOC\images\h-studiesgewesten.gif <-- kitlv /usr/local/WWW/www.voc-kenniscentrum.nl/images h-studiesgewesten.gif
2008.02.18 10:26 B C:\Michelle\kitlv website\VOC\images\h-themas.gif <-- kitlv /usr/local/WWW/www.voc-kenniscentrum.nl/images h-themas.gif
2008.02.18 10:26 B C:\Michelle\kitlv website\VOC\images\h-themas.oud.gif <-- kitlv /usr/local/WWW/www.voc-kenniscentrum.nl/images h-themas.oud.gif
